06/22/2025  12:40:08 PM: INFO: ********* Test Account Registration Started *********
06/22/2025  12:40:10 PM: INFO: ********* Launching Application *********
06/22/2025  12:40:10 PM: INFO: ********* Clicking on My Account --> Register *********
06/22/2025  12:40:12 PM: INFO: ********* Adding Customer Details *********
06/22/2025  12:40:14 PM: INFO: ********* Account Registration is Passed *********
06/22/2025  12:40:14 PM: INFO: ********* Test Account Registration Finished *********
06/22/2025  01:21:37 PM: INFO: ********* Test Account Registration Started *********
06/22/2025  01:21:40 PM: INFO: ********* Launching Application *********
06/22/2025  01:21:40 PM: INFO: ********* Clicking on My Account --> Register *********
06/22/2025  01:21:41 PM: INFO: ********* Adding Customer Details *********
06/22/2025  01:21:44 PM: INFO: ********* Account Registration is Passed *********
06/22/2025  01:21:44 PM: INFO: ********* Test Account Registration Finished *********
06/22/2025  01:23:12 PM: INFO: ********* Test Account Registration Started *********
06/22/2025  01:23:13 PM: INFO: ********* Launching Application *********
06/22/2025  01:23:13 PM: INFO: ********* Clicking on My Account --> Register *********
06/22/2025  01:23:14 PM: INFO: ********* Adding Customer Details *********
06/22/2025  01:23:16 PM: INFO: ********* Account Registration is Passed *********
06/22/2025  01:23:16 PM: INFO: ********* Test Account Registration Finished *********
06/22/2025  01:25:01 PM: INFO: ********* Test Account Registration Started *********
06/22/2025  01:25:02 PM: INFO: ********* Launching Application *********
06/22/2025  01:25:02 PM: INFO: ********* Clicking on My Account --> Register *********
06/22/2025  01:25:04 PM: INFO: ********* Adding Customer Details *********
06/22/2025  01:25:07 PM: INFO: ********* Account Registration is Passed *********
06/22/2025  01:25:07 PM: INFO: ********* Test Account Registration Finished *********
06/22/2025  01:32:40 PM: INFO: ********* Test Account Registration Started *********
06/22/2025  01:32:41 PM: INFO: ********* Launching Application *********
06/22/2025  01:32:41 PM: INFO: ********* Clicking on My Account --> Register *********
06/22/2025  01:32:42 PM: INFO: ********* Adding Customer Details *********
06/22/2025  01:32:44 PM: INFO: ********* Account Registration is Passed *********
06/22/2025  01:32:44 PM: INFO: ********* Test Account Registration Finished *********
06/22/2025  01:44:35 PM: INFO: ********* Test Account Registration Started *********
06/22/2025  01:44:36 PM: INFO: ********* Launching Application *********
06/22/2025  01:44:36 PM: INFO: ********* Clicking on My Account --> Register *********
06/22/2025  01:44:37 PM: INFO: ********* Adding Customer Details *********
06/22/2025  01:44:38 PM: INFO: ********* Account Registration is Passed *********
06/22/2025  01:44:38 PM: INFO: ********* Test Account Registration Finished *********
06/22/2025  01:45:45 PM: INFO: ********* Test Account Registration Started *********
06/22/2025  01:45:46 PM: INFO: ********* Launching Application *********
06/22/2025  01:45:46 PM: INFO: ********* Clicking on My Account --> Register *********
06/22/2025  01:45:47 PM: INFO: ********* Adding Customer Details *********
06/22/2025  01:45:49 PM: INFO: ********* Account Registration is Passed *********
06/22/2025  01:45:49 PM: INFO: ********* Test Account Registration Finished *********
06/22/2025  01:53:59 PM: INFO: ********* Test Account Registration Started *********
06/22/2025  01:54:00 PM: INFO: ********* Launching Application *********
06/22/2025  01:54:00 PM: INFO: ********* Clicking on My Account --> Register *********
06/22/2025  01:54:01 PM: INFO: ********* Adding Customer Details *********
06/22/2025  01:54:03 PM: INFO: ********* Account Registration is Passed *********
06/22/2025  01:54:03 PM: INFO: ********* Test Account Registration Finished *********
06/22/2025  02:02:43 PM: INFO: ********* Test Account Registration Started *********
06/22/2025  02:02:44 PM: INFO: ********* Launching Application *********
06/22/2025  02:02:44 PM: INFO: ********* Clicking on My Account --> Register *********
06/22/2025  02:02:46 PM: INFO: ********* Adding Customer Details *********
06/22/2025  02:02:47 PM: INFO: ********* Account Registration is Passed *********
06/22/2025  02:02:47 PM: INFO: ********* Test Account Registration Finished *********
06/22/2025  02:07:26 PM: INFO: ********* Test Account Registration Started *********
06/22/2025  02:07:27 PM: INFO: ********* Launching Application *********
06/22/2025  02:07:28 PM: INFO: ********* Clicking on My Account --> Register *********
06/22/2025  02:07:29 PM: INFO: ********* Adding Customer Details *********
06/22/2025  02:07:31 PM: INFO: ********* Account Registration is Passed *********
06/22/2025  02:07:31 PM: INFO: ********* Test Account Registration Finished *********
06/22/2025  02:16:06 PM: INFO: ********* Test Account Registration Started *********
06/22/2025  02:16:07 PM: INFO: ********* Launching Application *********
06/22/2025  02:16:07 PM: INFO: ********* Clicking on My Account --> Register *********
06/22/2025  02:18:35 PM: INFO: ********* Test Account Registration Started *********
06/22/2025  02:18:36 PM: INFO: ********* Launching Application *********
06/22/2025  02:18:36 PM: INFO: ********* Clicking on My Account --> Register *********
06/22/2025  02:20:13 PM: INFO: ********* Test Account Registration Started *********
06/22/2025  02:20:14 PM: INFO: ********* Launching Application *********
06/22/2025  02:20:14 PM: INFO: ********* Clicking on My Account --> Register *********
06/22/2025  02:27:15 PM: INFO: ********* Test Account Registration Started *********
06/22/2025  02:27:16 PM: INFO: ********* Launching Application *********
06/22/2025  02:27:16 PM: INFO: ********* Clicking on My Account --> Register *********
06/22/2025  02:27:17 PM: INFO: ********* Adding Customer Details *********
06/22/2025  02:27:18 PM: INFO: ********* Account Registration is Passed *********
06/22/2025  02:27:18 PM: INFO: ********* Test Account Registration Finished *********
06/22/2025  08:46:42 PM: INFO: ********* Test Account Registration Started *********
06/22/2025  08:46:44 PM: INFO: ********* Launching Application *********
06/22/2025  08:46:44 PM: INFO: ********* Clicking on My Account --> Register *********
06/22/2025  08:46:46 PM: INFO: ********* Adding Customer Details *********
06/22/2025  08:46:48 PM: INFO: ********* Account Registration is Passed *********
06/22/2025  08:46:48 PM: INFO: ********* Test Account Registration Finished *********
06/22/2025  08:50:55 PM: INFO: ********* Test Account Registration Started *********
06/22/2025  08:50:57 PM: INFO: ********* Launching Application *********
06/22/2025  08:50:57 PM: INFO: ********* Clicking on My Account --> Register *********
06/22/2025  08:50:58 PM: INFO: ********* Adding Customer Details *********
06/22/2025  08:51:00 PM: INFO: ********* Account Registration is Passed *********
06/22/2025  08:51:00 PM: INFO: ********* Test Account Registration Finished *********
06/22/2025  08:56:14 PM: INFO: ********* Test Account Registration Started *********
06/22/2025  08:56:16 PM: INFO: ********* Launching Application *********
06/22/2025  08:56:16 PM: INFO: ********* Clicking on My Account --> Register *********
06/22/2025  08:56:17 PM: INFO: ********* Adding Customer Details *********
06/22/2025  08:56:19 PM: INFO: ********* Account Registration is Passed *********
06/22/2025  08:56:19 PM: INFO: ********* Test Account Registration Finished *********
